{"/Users/davidcaballero/smart-campus-live-integration/shared/engine/AssetManager.ts": {"path":"/Users/davidcaballero/smart-campus-live-integration/shared/engine/AssetManager.ts","statementMap":{"0":{"start":{"line":6,"column":0},"end":{"line":6,"column":31}},"1":{"start":{"line":36,"column":10},"end":{"line":36,"column":null}},"2":{"start":{"line":37,"column":10},"end":{"line":37,"column":null}},"3":{"start":{"line":38,"column":10},"end":{"line":40,"column":null}},"4":{"start":{"line":44,"column":4},"end":{"line":44,"column":26}},"5":{"start":{"line":48,"column":4},"end":{"line":56,"column":5}},"6":{"start":{"line":49,"column":6},"end":{"line":55,"column":7}},"7":{"start":{"line":51,"column":31},"end":{"line":51,"column":84}},"8":{"start":{"line":52,"column":8},"end":{"line":52,"column":43}},"9":{"start":{"line":54,"column":8},"end":{"line":54,"column":68}},"10":{"start":{"line":60,"column":16},"end":{"line":60,"column":35}},"11":{"start":{"line":62,"column":4},"end":{"line":72,"column":5}},"12":{"start":{"line":63,"column":6},"end":{"line":71,"column":7}},"13":{"start":{"line":64,"column":24},"end":{"line":64,"column":65}},"14":{"start":{"line":65,"column":8},"end":{"line":65,"column":70}},"15":{"start":{"line":66,"column":8},"end":{"line":66,"column":35}},"16":{"start":{"line":67,"column":8},"end":{"line":67,"column":61}},"17":{"start":{"line":69,"column":8},"end":{"line":69,"column":74}},"18":{"start":{"line":70,"column":8},"end":{"line":70,"column":16}},"19":{"start":{"line":74,"column":4},"end":{"line":78,"column":5}},"20":{"start":{"line":75,"column":6},"end":{"line":75,"column":23}},"21":{"start":{"line":76,"column":6},"end":{"line":76,"column":93}},"22":{"start":{"line":77,"column":6},"end":{"line":77,"column":42}},"23":{"start":{"line":80,"column":4},"end":{"line":80,"column":59}},"24":{"start":{"line":84,"column":16},"end":{"line":84,"column":35}},"25":{"start":{"line":86,"column":4},"end":{"line":96,"column":5}},"26":{"start":{"line":87,"column":6},"end":{"line":95,"column":7}},"27":{"start":{"line":90,"column":8},"end":{"line":90,"column":87}},"28":{"start":{"line":91,"column":8},"end":{"line":91,"column":60}},"29":{"start":{"line":93,"column":8},"end":{"line":93,"column":75}},"30":{"start":{"line":94,"column":8},"end":{"line":94,"column":16}},"31":{"start":{"line":98,"column":4},"end":{"line":101,"column":5}},"32":{"start":{"line":99,"column":6},"end":{"line":99,"column":23}},"33":{"start":{"line":100,"column":6},"end":{"line":100,"column":49}},"34":{"start":{"line":103,"column":4},"end":{"line":103,"column":60}},"35":{"start":{"line":107,"column":16},"end":{"line":107,"column":35}},"36":{"start":{"line":109,"column":4},"end":{"line":125,"column":5}},"37":{"start":{"line":110,"column":6},"end":{"line":124,"column":7}},"38":{"start":{"line":111,"column":8},"end":{"line":113,"column":9}},"39":{"start":{"line":112,"column":10},"end":{"line":112,"column":38}},"40":{"start":{"line":114,"column":8},"end":{"line":116,"column":9}},"41":{"start":{"line":115,"column":10},"end":{"line":115,"column":56}},"42":{"start":{"line":117,"column":21},"end":{"line":117,"column":57}},"43":{"start":{"line":118,"column":8},"end":{"line":118,"column":71}},"44":{"start":{"line":119,"column":8},"end":{"line":119,"column":35}},"45":{"start":{"line":120,"column":8},"end":{"line":120,"column":59}},"46":{"start":{"line":122,"column":8},"end":{"line":122,"column":72}},"47":{"start":{"line":123,"column":8},"end":{"line":123,"column":16}},"48":{"start":{"line":127,"column":4},"end":{"line":131,"column":5}},"49":{"start":{"line":128,"column":6},"end":{"line":128,"column":23}},"50":{"start":{"line":129,"column":6},"end":{"line":129,"column":91}},"51":{"start":{"line":130,"column":6},"end":{"line":130,"column":40}},"52":{"start":{"line":133,"column":4},"end":{"line":133,"column":57}},"53":{"start":{"line":137,"column":18},"end":{"line":137,"column":37}},"54":{"start":{"line":138,"column":4},"end":{"line":144,"column":5}},"55":{"start":{"line":139,"column":6},"end":{"line":139,"column":23}},"56":{"start":{"line":140,"column":6},"end":{"line":140,"column":97}},"57":{"start":{"line":141,"column":6},"end":{"line":143,"column":7}},"58":{"start":{"line":142,"column":8},"end":{"line":142,"column":77}},"59":{"start":{"line":152,"column":4},"end":{"line":168,"column":5}},"60":{"start":{"line":153,"column":6},"end":{"line":167,"column":7}},"61":{"start":{"line":154,"column":8},"end":{"line":163,"column":9}},"62":{"start":{"line":155,"column":10},"end":{"line":155,"column":42}},"63":{"start":{"line":156,"column":10},"end":{"line":156,"column":28}},"64":{"start":{"line":157,"column":15},"end":{"line":163,"column":9}},"65":{"start":{"line":158,"column":10},"end":{"line":158,"column":43}},"66":{"start":{"line":159,"column":10},"end":{"line":159,"column":28}},"67":{"start":{"line":160,"column":15},"end":{"line":163,"column":9}},"68":{"start":{"line":161,"column":10},"end":{"line":161,"column":40}},"69":{"start":{"line":162,"column":10},"end":{"line":162,"column":28}},"70":{"start":{"line":164,"column":8},"end":{"line":164,"column":64}},"71":{"start":{"line":166,"column":8},"end":{"line":166,"column":70}},"72":{"start":{"line":175,"column":19},"end":{"line":179,"column":7}},"73":{"start":{"line":175,"column":75},"end":{"line":179,"column":6}},"74":{"start":{"line":180,"column":27},"end":{"line":180,"column":48}},"75":{"start":{"line":181,"column":4},"end":{"line":181,"column":38}},"76":{"start":{"line":185,"column":18},"end":{"line":185,"column":37}},"77":{"start":{"line":186,"column":4},"end":{"line":190,"column":5}},"78":{"start":{"line":187,"column":7},"end":{"line":187,"column":39}},"79":{"start":{"line":188,"column":6},"end":{"line":188,"column":29}},"80":{"start":{"line":189,"column":6},"end":{"line":189,"column":59}},"81":{"start":{"line":194,"column":16},"end":{"line":194,"column":17}},"82":{"start":{"line":195,"column":4},"end":{"line":201,"column":5}},"83":{"start":{"line":196,"column":6},"end":{"line":200,"column":7}},"84":{"start":{"line":197,"column":9},"end":{"line":197,"column":41}},"85":{"start":{"line":198,"column":8},"end":{"line":198,"column":31}},"86":{"start":{"line":199,"column":8},"end":{"line":199,"column":16}},"87":{"start":{"line":202,"column":4},"end":{"line":202,"column":65}},"88":{"start":{"line":206,"column":4},"end":{"line":208,"column":5}},"89":{"start":{"line":207,"column":7},"end":{"line":207,"column":39}},"90":{"start":{"line":209,"column":4},"end":{"line":209,"column":23}},"91":{"start":{"line":210,"column":4},"end":{"line":210,"column":54}},"92":{"start":{"line":214,"column":16},"end":{"line":214,"column":17}},"93":{"start":{"line":215,"column":4},"end":{"line":230,"column":5}},"94":{"start":{"line":216,"column":6},"end":{"line":229,"column":7}},"95":{"start":{"line":217,"column":20},"end":{"line":217,"column":48}},"96":{"start":{"line":218,"column":22},"end":{"line":218,"column":96}},"97":{"start":{"line":219,"column":18},"end":{"line":219,"column":68}},"98":{"start":{"line":220,"column":18},"end":{"line":220,"column":70}},"99":{"start":{"line":221,"column":8},"end":{"line":221,"column":27}},"100":{"start":{"line":222,"column":13},"end":{"line":229,"column":7}},"101":{"start":{"line":223,"column":20},"end":{"line":223,"column":55}},"102":{"start":{"line":224,"column":8},"end":{"line":226,"column":9}},"103":{"start":{"line":225,"column":10},"end":{"line":225,"column":50}},"104":{"start":{"line":227,"column":13},"end":{"line":229,"column":7}},"105":{"start":{"line":228,"column":8},"end":{"line":228,"column":29}},"106":{"start":{"line":231,"column":4},"end":{"line":231,"column":17}},"107":{"start":{"line":35,"column":0},"end":{"line":35,"column":13}}},"fnMap":{"0":{"name":"(anonymous_9)","decl":{"start":{"line":42,"column":2},"end":{"line":42,"column":null}},"loc":{"start":{"line":42,"column":2},"end":{"line":45,"column":3}}},"1":{"name":"(anonymous_10)","decl":{"start":{"line":47,"column":10},"end":{"line":47,"column":15}},"loc":{"start":{"line":47,"column":30},"end":{"line":57,"column":3}}},"2":{"name":"(anonymous_11)","decl":{"start":{"line":51,"column":31},"end":{"line":51,"column":44}},"loc":{"start":{"line":51,"column":31},"end":{"line":51,"column":84}}},"3":{"name":"(anonymous_12)","decl":{"start":{"line":59,"column":2},"end":{"line":59,"column":7}},"loc":{"start":{"line":59,"column":44},"end":{"line":81,"column":3}}},"4":{"name":"(anonymous_13)","decl":{"start":{"line":83,"column":2},"end":{"line":83,"column":7}},"loc":{"start":{"line":83,"column":45},"end":{"line":104,"column":3}}},"5":{"name":"(anonymous_14)","decl":{"start":{"line":106,"column":2},"end":{"line":106,"column":7}},"loc":{"start":{"line":106,"column":41},"end":{"line":134,"column":3}}},"6":{"name":"(anonymous_15)","decl":{"start":{"line":136,"column":2},"end":{"line":136,"column":9}},"loc":{"start":{"line":136,"column":21},"end":{"line":145,"column":3}}},"7":{"name":"(anonymous_16)","decl":{"start":{"line":147,"column":2},"end":{"line":147,"column":7}},"loc":{"start":{"line":150,"column":42},"end":{"line":169,"column":3}}},"8":{"name":"(anonymous_17)","decl":{"start":{"line":171,"column":2},"end":{"line":171,"column":10}},"loc":{"start":{"line":171,"column":10},"end":{"line":182,"column":3}}},"9":{"name":"(anonymous_18)","decl":{"start":{"line":175,"column":56},"end":{"line":175,"column":57}},"loc":{"start":{"line":175,"column":75},"end":{"line":179,"column":6}}},"10":{"name":"(anonymous_19)","decl":{"start":{"line":184,"column":2},"end":{"line":184,"column":14}},"loc":{"start":{"line":184,"column":26},"end":{"line":191,"column":3}}},"11":{"name":"(anonymous_20)","decl":{"start":{"line":193,"column":2},"end":{"line":193,"column":13}},"loc":{"start":{"line":193,"column":13},"end":{"line":203,"column":3}}},"12":{"name":"(anonymous_21)","decl":{"start":{"line":205,"column":2},"end":{"line":205,"column":9}},"loc":{"start":{"line":205,"column":9},"end":{"line":211,"column":3}}},"13":{"name":"(anonymous_22)","decl":{"start":{"line":213,"column":10},"end":{"line":213,"column":24}},"loc":{"start":{"line":213,"column":24},"end":{"line":232,"column":3}}}},"branchMap":{"0":{"loc":{"start":{"line":48,"column":4},"end":{"line":56,"column":5}},"type":"if","locations":[{"start":{"line":48,"column":4},"end":{"line":56,"column":5}},{"start":{},"end":{}}]},"1":{"loc":{"start":{"line":62,"column":4},"end":{"line":72,"column":5}},"type":"if","locations":[{"start":{"line":62,"column":4},"end":{"line":72,"column":5}},{"start":{},"end":{}}]},"2":{"loc":{"start":{"line":62,"column":8},"end":{"line":62,"column":21}},"type":"binary-expr","locations":[{"start":{"line":62,"column":8},"end":{"line":62,"column":14}},{"start":{"line":62,"column":18},"end":{"line":62,"column":21}}]},"3":{"loc":{"start":{"line":74,"column":4},"end":{"line":78,"column":5}},"type":"if","locations":[{"start":{"line":74,"column":4},"end":{"line":78,"column":5}},{"start":{},"end":{}}]},"4":{"loc":{"start":{"line":86,"column":4},"end":{"line":96,"column":5}},"type":"if","locations":[{"start":{"line":86,"column":4},"end":{"line":96,"column":5}},{"start":{},"end":{}}]},"5":{"loc":{"start":{"line":86,"column":8},"end":{"line":86,"column":21}},"type":"binary-expr","locations":[{"start":{"line":86,"column":8},"end":{"line":86,"column":14}},{"start":{"line":86,"column":18},"end":{"line":86,"column":21}}]},"6":{"loc":{"start":{"line":98,"column":4},"end":{"line":101,"column":5}},"type":"if","locations":[{"start":{"line":98,"column":4},"end":{"line":101,"column":5}},{"start":{},"end":{}}]},"7":{"loc":{"start":{"line":109,"column":4},"end":{"line":125,"column":5}},"type":"if","locations":[{"start":{"line":109,"column":4},"end":{"line":125,"column":5}},{"start":{},"end":{}}]},"8":{"loc":{"start":{"line":111,"column":8},"end":{"line":113,"column":9}},"type":"if","locations":[{"start":{"line":111,"column":8},"end":{"line":113,"column":9}},{"start":{},"end":{}}]},"9":{"loc":{"start":{"line":114,"column":8},"end":{"line":116,"column":9}},"type":"if","locations":[{"start":{"line":114,"column":8},"end":{"line":116,"column":9}},{"start":{},"end":{}}]},"10":{"loc":{"start":{"line":127,"column":4},"end":{"line":131,"column":5}},"type":"if","locations":[{"start":{"line":127,"column":4},"end":{"line":131,"column":5}},{"start":{},"end":{}}]},"11":{"loc":{"start":{"line":138,"column":4},"end":{"line":144,"column":5}},"type":"if","locations":[{"start":{"line":138,"column":4},"end":{"line":144,"column":5}},{"start":{},"end":{}}]},"12":{"loc":{"start":{"line":141,"column":6},"end":{"line":143,"column":7}},"type":"if","locations":[{"start":{"line":141,"column":6},"end":{"line":143,"column":7}},{"start":{},"end":{}}]},"13":{"loc":{"start":{"line":152,"column":4},"end":{"line":168,"column":5}},"type":"if","locations":[{"start":{"line":152,"column":4},"end":{"line":168,"column":5}},{"start":{},"end":{}}]},"14":{"loc":{"start":{"line":154,"column":8},"end":{"line":163,"column":9}},"type":"if","locations":[{"start":{"line":154,"column":8},"end":{"line":163,"column":9}},{"start":{"line":157,"column":15},"end":{"line":163,"column":9}}]},"15":{"loc":{"start":{"line":157,"column":15},"end":{"line":163,"column":9}},"type":"if","locations":[{"start":{"line":157,"column":15},"end":{"line":163,"column":9}},{"start":{"line":160,"column":15},"end":{"line":163,"column":9}}]},"16":{"loc":{"start":{"line":160,"column":15},"end":{"line":163,"column":9}},"type":"if","locations":[{"start":{"line":160,"column":15},"end":{"line":163,"column":9}},{"start":{},"end":{}}]},"17":{"loc":{"start":{"line":186,"column":4},"end":{"line":190,"column":5}},"type":"if","locations":[{"start":{"line":186,"column":4},"end":{"line":190,"column":5}},{"start":{},"end":{}}]},"18":{"loc":{"start":{"line":196,"column":6},"end":{"line":200,"column":7}},"type":"if","locations":[{"start":{"line":196,"column":6},"end":{"line":200,"column":7}},{"start":{},"end":{}}]},"19":{"loc":{"start":{"line":216,"column":6},"end":{"line":229,"column":7}},"type":"if","locations":[{"start":{"line":216,"column":6},"end":{"line":229,"column":7}},{"start":{"line":222,"column":13},"end":{"line":229,"column":7}}]},"20":{"loc":{"start":{"line":219,"column":18},"end":{"line":219,"column":68}},"type":"binary-expr","locations":[{"start":{"line":219,"column":19},"end":{"line":219,"column":62}},{"start":{"line":219,"column":67},"end":{"line":219,"column":68}}]},"21":{"loc":{"start":{"line":219,"column":19},"end":{"line":219,"column":62}},"type":"cond-expr","locations":[{"start":{"line":219,"column":47},"end":{"line":219,"column":58}},{"start":{"line":219,"column":61},"end":{"line":219,"column":62}}]},"22":{"loc":{"start":{"line":219,"column":19},"end":{"line":219,"column":44}},"type":"binary-expr","locations":[{"start":{"line":219,"column":19},"end":{"line":219,"column":24}},{"start":{"line":219,"column":28},"end":{"line":219,"column":44}}]},"23":{"loc":{"start":{"line":220,"column":18},"end":{"line":220,"column":70}},"type":"binary-expr","locations":[{"start":{"line":220,"column":19},"end":{"line":220,"column":64}},{"start":{"line":220,"column":69},"end":{"line":220,"column":70}}]},"24":{"loc":{"start":{"line":220,"column":19},"end":{"line":220,"column":64}},"type":"cond-expr","locations":[{"start":{"line":220,"column":48},"end":{"line":220,"column":60}},{"start":{"line":220,"column":63},"end":{"line":220,"column":64}}]},"25":{"loc":{"start":{"line":220,"column":19},"end":{"line":220,"column":45}},"type":"binary-expr","locations":[{"start":{"line":220,"column":19},"end":{"line":220,"column":24}},{"start":{"line":220,"column":28},"end":{"line":220,"column":45}}]},"26":{"loc":{"start":{"line":222,"column":13},"end":{"line":229,"column":7}},"type":"if","locations":[{"start":{"line":222,"column":13},"end":{"line":229,"column":7}},{"start":{"line":227,"column":13},"end":{"line":229,"column":7}}]},"27":{"loc":{"start":{"line":227,"column":13},"end":{"line":229,"column":7}},"type":"if","locations":[{"start":{"line":227,"column":13},"end":{"line":229,"column":7}},{"start":{},"end":{}}]}},"s":{"0":0,"1":0,"2":0,"3":0,"4":0,"5":0,"6":0,"7":0,"8":0,"9":0,"10":0,"11":0,"12":0,"13":0,"14":0,"15":0,"16":0,"17":0,"18":0,"19":0,"20":0,"21":0,"22":0,"23":0,"24":0,"25":0,"26":0,"27":0,"28":0,"29":0,"30":0,"31":0,"32":0,"33":0,"34":0,"35":0,"36":0,"37":0,"38":0,"39":0,"40":0,"41":0,"42":0,"43":0,"44":0,"45":0,"46":0,"47":0,"48":0,"49":0,"50":0,"51":0,"52":0,"53":0,"54":0,"55":0,"56":0,"57":0,"58":0,"59":0,"60":0,"61":0,"62":0,"63":0,"64":0,"65":0,"66":0,"67":0,"68":0,"69":0,"70":0,"71":0,"72":0,"73":0,"74":0,"75":0,"76":0,"77":0,"78":0,"79":0,"80":0,"81":0,"82":0,"83":0,"84":0,"85":0,"86":0,"87":0,"88":0,"89":0,"90":0,"91":0,"92":0,"93":0,"94":0,"95":0,"96":0,"97":0,"98":0,"99":0,"100":0,"101":0,"102":0,"103":0,"104":0,"105":0,"106":0,"107":0},"f":{"0":0,"1":0,"2":0,"3":0,"4":0,"5":0,"6":0,"7":0,"8":0,"9":0,"10":0,"11":0,"12":0,"13":0},"b":{"0":[0,0],"1":[0,0],"2":[0,0],"3":[0,0],"4":[0,0],"5":[0,0],"6":[0,0],"7":[0,0],"8":[0,0],"9":[0,0],"10":[0,0],"11":[0,0],"12":[0,0],"13":[0,0],"14":[0,0],"15":[0,0],"16":[0,0],"17":[0,0],"18":[0,0],"19":[0,0],"20":[0,0],"21":[0,0],"22":[0,0],"23":[0,0],"24":[0,0],"25":[0,0],"26":[0,0],"27":[0,0]}}
,"/Users/davidcaballero/smart-campus-live-integration/shared/engine/SceneBase.ts": {"path":"/Users/davidcaballero/smart-campus-live-integration/shared/engine/SceneBase.ts","statementMap":{"0":{"start":{"line":6,"column":0},"end":{"line":6,"column":31}},"1":{"start":{"line":28,"column":2},"end":{"line":28,"column":null}},"2":{"start":{"line":29,"column":2},"end":{"line":29,"column":null}},"3":{"start":{"line":30,"column":2},"end":{"line":30,"column":null}},"4":{"start":{"line":31,"column":2},"end":{"line":31,"column":null}},"5":{"start":{"line":32,"column":2},"end":{"line":32,"column":null}},"6":{"start":{"line":33,"column":12},"end":{"line":33,"column":null}},"7":{"start":{"line":36,"column":12},"end":{"line":36,"column":null}},"8":{"start":{"line":37,"column":12},"end":{"line":37,"column":null}},"9":{"start":{"line":47,"column":4},"end":{"line":47,"column":29}},"10":{"start":{"line":48,"column":4},"end":{"line":48,"column":37}},"11":{"start":{"line":51,"column":4},"end":{"line":51,"column":41}},"12":{"start":{"line":54,"column":4},"end":{"line":56,"column":5}},"13":{"start":{"line":55,"column":6},"end":{"line":55,"column":43}},"14":{"start":{"line":59,"column":4},"end":{"line":61,"column":5}},"15":{"start":{"line":60,"column":6},"end":{"line":60,"column":59}},"16":{"start":{"line":64,"column":4},"end":{"line":64,"column":23}},"17":{"start":{"line":67,"column":4},"end":{"line":69,"column":5}},"18":{"start":{"line":68,"column":6},"end":{"line":68,"column":32}},"19":{"start":{"line":71,"column":4},"end":{"line":71,"column":30}},"20":{"start":{"line":75,"column":4},"end":{"line":75,"column":30}},"21":{"start":{"line":76,"column":4},"end":{"line":76,"column":25}},"22":{"start":{"line":77,"column":4},"end":{"line":77,"column":22}},"23":{"start":{"line":81,"column":4},"end":{"line":81,"column":26}},"24":{"start":{"line":82,"column":4},"end":{"line":82,"column":31}},"25":{"start":{"line":83,"column":4},"end":{"line":83,"column":24}},"26":{"start":{"line":88,"column":4},"end":{"line":88,"column":32}},"27":{"start":{"line":91,"column":4},"end":{"line":91,"column":27}},"28":{"start":{"line":94,"column":4},"end":{"line":96,"column":5}},"29":{"start":{"line":95,"column":6},"end":{"line":95,"column":66}},"30":{"start":{"line":99,"column":4},"end":{"line":108,"column":7}},"31":{"start":{"line":100,"column":6},"end":{"line":107,"column":7}},"32":{"start":{"line":101,"column":8},"end":{"line":101,"column":32}},"33":{"start":{"line":102,"column":8},"end":{"line":106,"column":9}},"34":{"start":{"line":103,"column":10},"end":{"line":103,"column":67}},"35":{"start":{"line":103,"column":54},"end":{"line":103,"column":65}},"36":{"start":{"line":105,"column":10},"end":{"line":105,"column":34}},"37":{"start":{"line":109,"column":4},"end":{"line":109,"column":23}},"38":{"start":{"line":113,"column":4},"end":{"line":115,"column":5}},"39":{"start":{"line":114,"column":6},"end":{"line":114,"column":31}},"40":{"start":{"line":119,"column":4},"end":{"line":122,"column":5}},"41":{"start":{"line":120,"column":6},"end":{"line":120,"column":42}},"42":{"start":{"line":121,"column":6},"end":{"line":121,"column":43}},"43":{"start":{"line":123,"column":4},"end":{"line":123,"column":33}},"44":{"start":{"line":144,"column":4},"end":{"line":162,"column":5}},"45":{"start":{"line":145,"column":6},"end":{"line":150,"column":8}},"46":{"start":{"line":152,"column":16},"end":{"line":152,"column":33}},"47":{"start":{"line":153,"column":16},"end":{"line":153,"column":34}},"48":{"start":{"line":154,"column":6},"end":{"line":161,"column":8}},"49":{"start":{"line":164,"column":4},"end":{"line":164,"column":50}},"50":{"start":{"line":165,"column":4},"end":{"line":165,"column":42}},"51":{"start":{"line":166,"column":4},"end":{"line":166,"column":25}},"52":{"start":{"line":167,"column":4},"end":{"line":167,"column":27}},"53":{"start":{"line":171,"column":4},"end":{"line":177,"column":5}},"54":{"start":{"line":172,"column":22},"end":{"line":174,"column":null}},"55":{"start":{"line":176,"column":6},"end":{"line":176,"column":30}},"56":{"start":{"line":179,"column":4},"end":{"line":193,"column":5}},"57":{"start":{"line":180,"column":6},"end":{"line":192,"column":7}},"58":{"start":{"line":181,"column":28},"end":{"line":183,"column":null}},"59":{"start":{"line":185,"column":8},"end":{"line":185,"column":56}},"60":{"start":{"line":186,"column":8},"end":{"line":190,"column":9}},"61":{"start":{"line":187,"column":10},"end":{"line":187,"column":40}},"62":{"start":{"line":188,"column":10},"end":{"line":188,"column":77}},"63":{"start":{"line":189,"column":10},"end":{"line":189,"column":78}},"64":{"start":{"line":191,"column":8},"end":{"line":191,"column":36}},"65":{"start":{"line":198,"column":4},"end":{"line":205,"column":5}},"66":{"start":{"line":199,"column":6},"end":{"line":199,"column":61}},"67":{"start":{"line":202,"column":6},"end":{"line":202,"column":67}},"68":{"start":{"line":204,"column":6},"end":{"line":204,"column":79}},"69":{"start":{"line":210,"column":4},"end":{"line":212,"column":5}},"70":{"start":{"line":211,"column":6},"end":{"line":211,"column":89}},"71":{"start":{"line":217,"column":4},"end":{"line":217,"column":64}},"72":{"start":{"line":225,"column":4},"end":{"line":225,"column":14}},"73":{"start":{"line":27,"column":0},"end":{"line":27,"column":22}}},"fnMap":{"0":{"name":"(anonymous_9)","decl":{"start":{"line":39,"column":2},"end":{"line":39,"column":null}},"loc":{"start":{"line":39,"column":2},"end":{"line":41,"column":3}}},"1":{"name":"(anonymous_10)","decl":{"start":{"line":43,"column":2},"end":{"line":43,"column":7}},"loc":{"start":{"line":45,"column":21},"end":{"line":72,"column":3}}},"2":{"name":"(anonymous_11)","decl":{"start":{"line":74,"column":2},"end":{"line":74,"column":10}},"loc":{"start":{"line":74,"column":10},"end":{"line":78,"column":3}}},"3":{"name":"(anonymous_12)","decl":{"start":{"line":80,"column":2},"end":{"line":80,"column":12}},"loc":{"start":{"line":80,"column":12},"end":{"line":84,"column":3}}},"4":{"name":"(anonymous_13)","decl":{"start":{"line":86,"column":2},"end":{"line":86,"column":7}},"loc":{"start":{"line":86,"column":15},"end":{"line":110,"column":3}}},"5":{"name":"(anonymous_14)","decl":{"start":{"line":99,"column":24},"end":{"line":99,"column":25}},"loc":{"start":{"line":99,"column":32},"end":{"line":108,"column":5}}},"6":{"name":"(anonymous_15)","decl":{"start":{"line":103,"column":31},"end":{"line":103,"column":32}},"loc":{"start":{"line":103,"column":54},"end":{"line":103,"column":65}}},"7":{"name":"(anonymous_16)","decl":{"start":{"line":112,"column":2},"end":{"line":112,"column":8}},"loc":{"start":{"line":112,"column":26},"end":{"line":116,"column":3}}},"8":{"name":"(anonymous_17)","decl":{"start":{"line":118,"column":2},"end":{"line":118,"column":16}},"loc":{"start":{"line":118,"column":46},"end":{"line":124,"column":3}}},"9":{"name":"(anonymous_18)","decl":{"start":{"line":141,"column":12},"end":{"line":141,"column":23}},"loc":{"start":{"line":141,"column":50},"end":{"line":168,"column":3}}},"10":{"name":"(anonymous_19)","decl":{"start":{"line":170,"column":12},"end":{"line":170,"column":23}},"loc":{"start":{"line":170,"column":49},"end":{"line":194,"column":3}}},"11":{"name":"(anonymous_20)","decl":{"start":{"line":196,"column":12},"end":{"line":196,"column":17}},"loc":{"start":{"line":196,"column":63},"end":{"line":206,"column":3}}},"12":{"name":"(anonymous_21)","decl":{"start":{"line":208,"column":12},"end":{"line":208,"column":30}},"loc":{"start":{"line":208,"column":30},"end":{"line":213,"column":3}}},"13":{"name":"(anonymous_22)","decl":{"start":{"line":215,"column":12},"end":{"line":215,"column":32}},"loc":{"start":{"line":215,"column":32},"end":{"line":218,"column":3}}},"14":{"name":"(anonymous_23)","decl":{"start":{"line":220,"column":12},"end":{"line":220,"column":25}},"loc":{"start":{"line":220,"column":25},"end":{"line":226,"column":3}}}},"branchMap":{"0":{"loc":{"start":{"line":54,"column":4},"end":{"line":56,"column":5}},"type":"if","locations":[{"start":{"line":54,"column":4},"end":{"line":56,"column":5}},{"start":{},"end":{}}]},"1":{"loc":{"start":{"line":59,"column":4},"end":{"line":61,"column":5}},"type":"if","locations":[{"start":{"line":59,"column":4},"end":{"line":61,"column":5}},{"start":{},"end":{}}]},"2":{"loc":{"start":{"line":67,"column":4},"end":{"line":69,"column":5}},"type":"if","locations":[{"start":{"line":67,"column":4},"end":{"line":69,"column":5}},{"start":{},"end":{}}]},"3":{"loc":{"start":{"line":94,"column":4},"end":{"line":96,"column":5}},"type":"if","locations":[{"start":{"line":94,"column":4},"end":{"line":96,"column":5}},{"start":{},"end":{}}]},"4":{"loc":{"start":{"line":94,"column":8},"end":{"line":94,"column":62}},"type":"binary-expr","locations":[{"start":{"line":94,"column":8},"end":{"line":94,"column":41}},{"start":{"line":94,"column":45},"end":{"line":94,"column":62}}]},"5":{"loc":{"start":{"line":100,"column":6},"end":{"line":107,"column":7}},"type":"if","locations":[{"start":{"line":100,"column":6},"end":{"line":107,"column":7}},{"start":{},"end":{}}]},"6":{"loc":{"start":{"line":102,"column":8},"end":{"line":106,"column":9}},"type":"if","locations":[{"start":{"line":102,"column":8},"end":{"line":106,"column":9}},{"start":{"line":104,"column":15},"end":{"line":106,"column":9}}]},"7":{"loc":{"start":{"line":113,"column":4},"end":{"line":115,"column":5}},"type":"if","locations":[{"start":{"line":113,"column":4},"end":{"line":115,"column":5}},{"start":{},"end":{}}]},"8":{"loc":{"start":{"line":119,"column":4},"end":{"line":122,"column":5}},"type":"if","locations":[{"start":{"line":119,"column":4},"end":{"line":122,"column":5}},{"start":{},"end":{}}]},"9":{"loc":{"start":{"line":144,"column":4},"end":{"line":162,"column":5}},"type":"if","locations":[{"start":{"line":144,"column":4},"end":{"line":162,"column":5}},{"start":{"line":151,"column":11},"end":{"line":162,"column":5}}]},"10":{"loc":{"start":{"line":146,"column":8},"end":{"line":146,"column":30}},"type":"binary-expr","locations":[{"start":{"line":146,"column":8},"end":{"line":146,"column":24}},{"start":{"line":146,"column":28},"end":{"line":146,"column":30}}]},"11":{"loc":{"start":{"line":171,"column":4},"end":{"line":177,"column":5}},"type":"if","locations":[{"start":{"line":171,"column":4},"end":{"line":177,"column":5}},{"start":{},"end":{}}]},"12":{"loc":{"start":{"line":179,"column":4},"end":{"line":193,"column":5}},"type":"if","locations":[{"start":{"line":179,"column":4},"end":{"line":193,"column":5}},{"start":{},"end":{}}]},"13":{"loc":{"start":{"line":186,"column":8},"end":{"line":190,"column":9}},"type":"if","locations":[{"start":{"line":186,"column":8},"end":{"line":190,"column":9}},{"start":{},"end":{}}]},"14":{"loc":{"start":{"line":188,"column":45},"end":{"line":188,"column":76}},"type":"binary-expr","locations":[{"start":{"line":188,"column":45},"end":{"line":188,"column":68}},{"start":{"line":188,"column":72},"end":{"line":188,"column":76}}]},"15":{"loc":{"start":{"line":189,"column":46},"end":{"line":189,"column":77}},"type":"binary-expr","locations":[{"start":{"line":189,"column":46},"end":{"line":189,"column":69}},{"start":{"line":189,"column":73},"end":{"line":189,"column":77}}]},"16":{"loc":{"start":{"line":210,"column":4},"end":{"line":212,"column":5}},"type":"if","locations":[{"start":{"line":210,"column":4},"end":{"line":212,"column":5}},{"start":{},"end":{}}]}},"s":{"0":0,"1":0,"2":0,"3":0,"4":0,"5":0,"6":0,"7":0,"8":0,"9":0,"10":0,"11":0,"12":0,"13":0,"14":0,"15":0,"16":0,"17":0,"18":0,"19":0,"20":0,"21":0,"22":0,"23":0,"24":0,"25":0,"26":0,"27":0,"28":0,"29":0,"30":0,"31":0,"32":0,"33":0,"34":0,"35":0,"36":0,"37":0,"38":0,"39":0,"40":0,"41":0,"42":0,"43":0,"44":0,"45":0,"46":0,"47":0,"48":0,"49":0,"50":0,"51":0,"52":0,"53":0,"54":0,"55":0,"56":0,"57":0,"58":0,"59":0,"60":0,"61":0,"62":0,"63":0,"64":0,"65":0,"66":0,"67":0,"68":0,"69":0,"70":0,"71":0,"72":0,"73":0},"f":{"0":0,"1":0,"2":0,"3":0,"4":0,"5":0,"6":0,"7":0,"8":0,"9":0,"10":0,"11":0,"12":0,"13":0,"14":0},"b":{"0":[0,0],"1":[0,0],"2":[0,0],"3":[0,0],"4":[0,0],"5":[0,0],"6":[0,0],"7":[0,0],"8":[0,0],"9":[0,0],"10":[0,0],"11":[0,0],"12":[0,0],"13":[0,0],"14":[0,0],"15":[0,0],"16":[0,0]}}
,"/Users/davidcaballero/smart-campus-live-integration/shared/engine/SceneConfig.ts": {"path":"/Users/davidcaballero/smart-campus-live-integration/shared/engine/SceneConfig.ts","statementMap":{"0":{"start":{"line":69,"column":13},"end":{"line":85,"column":2}}},"fnMap":{},"branchMap":{},"s":{"0":0},"f":{},"b":{}}
,"/Users/davidcaballero/smart-campus-live-integration/shared/engine/SceneFactory.ts": {"path":"/Users/davidcaballero/smart-campus-live-integration/shared/engine/SceneFactory.ts","statementMap":{"0":{"start":{"line":6,"column":0},"end":{"line":6,"column":31}},"1":{"start":{"line":8,"column":0},"end":{"line":8,"column":46}},"2":{"start":{"line":27,"column":10},"end":{"line":27,"column":null}},"3":{"start":{"line":28,"column":10},"end":{"line":28,"column":null}},"4":{"start":{"line":29,"column":10},"end":{"line":29,"column":null}},"5":{"start":{"line":30,"column":10},"end":{"line":30,"column":null}},"6":{"start":{"line":31,"column":10},"end":{"line":31,"column":null}},"7":{"start":{"line":34,"column":4},"end":{"line":34,"column":25}},"8":{"start":{"line":35,"column":4},"end":{"line":44,"column":5}},"9":{"start":{"line":36,"column":6},"end":{"line":36,"column":32}},"10":{"start":{"line":37,"column":6},"end":{"line":37,"column":60}},"11":{"start":{"line":40,"column":6},"end":{"line":40,"column":72}},"12":{"start":{"line":41,"column":6},"end":{"line":41,"column":68}},"13":{"start":{"line":42,"column":6},"end":{"line":42,"column":60}},"14":{"start":{"line":43,"column":6},"end":{"line":43,"column":67}},"15":{"start":{"line":54,"column":4},"end":{"line":59,"column":5}},"16":{"start":{"line":55,"column":6},"end":{"line":57,"column":7}},"17":{"start":{"line":56,"column":8},"end":{"line":56,"column":70}},"18":{"start":{"line":58,"column":6},"end":{"line":58,"column":65}},"19":{"start":{"line":60,"column":4},"end":{"line":60,"column":33}},"20":{"start":{"line":67,"column":4},"end":{"line":70,"column":5}},"21":{"start":{"line":68,"column":6},"end":{"line":68,"column":76}},"22":{"start":{"line":69,"column":6},"end":{"line":69,"column":13}},"23":{"start":{"line":71,"column":4},"end":{"line":71,"column":45}},"24":{"start":{"line":72,"column":4},"end":{"line":72,"column":64}},"25":{"start":{"line":83,"column":22},"end":{"line":83,"column":47}},"26":{"start":{"line":84,"column":4},"end":{"line":86,"column":5}},"27":{"start":{"line":85,"column":6},"end":{"line":85,"column":60}},"28":{"start":{"line":88,"column":4},"end":{"line":88,"column":64}},"29":{"start":{"line":91,"column":4},"end":{"line":95,"column":5}},"30":{"start":{"line":92,"column":6},"end":{"line":92,"column":94}},"31":{"start":{"line":93,"column":6},"end":{"line":93,"column":36}},"32":{"start":{"line":94,"column":6},"end":{"line":94,"column":39}},"33":{"start":{"line":98,"column":4},"end":{"line":101,"column":5}},"34":{"start":{"line":99,"column":6},"end":{"line":99,"column":68}},"35":{"start":{"line":100,"column":6},"end":{"line":100,"column":63}},"36":{"start":{"line":104,"column":4},"end":{"line":104,"column":25}},"37":{"start":{"line":105,"column":4},"end":{"line":105,"column":33}},"38":{"start":{"line":108,"column":4},"end":{"line":108,"column":36}},"39":{"start":{"line":115,"column":4},"end":{"line":115,"column":28}},"40":{"start":{"line":122,"column":4},"end":{"line":122,"column":45}},"41":{"start":{"line":129,"column":4},"end":{"line":129,"column":42}},"42":{"start":{"line":136,"column":4},"end":{"line":136,"column":47}},"43":{"start":{"line":138,"column":4},"end":{"line":141,"column":5}},"44":{"start":{"line":139,"column":6},"end":{"line":139,"column":36}},"45":{"start":{"line":140,"column":6},"end":{"line":140,"column":39}},"46":{"start":{"line":143,"column":4},"end":{"line":145,"column":5}},"47":{"start":{"line":144,"column":6},"end":{"line":144,"column":28}},"48":{"start":{"line":147,"column":4},"end":{"line":147,"column":33}},"49":{"start":{"line":148,"column":4},"end":{"line":148,"column":29}},"50":{"start":{"line":150,"column":4},"end":{"line":150,"column":43}},"51":{"start":{"line":157,"column":4},"end":{"line":159,"column":5}},"52":{"start":{"line":158,"column":6},"end":{"line":158,"column":53}},"53":{"start":{"line":162,"column":4},"end":{"line":164,"column":5}},"54":{"start":{"line":163,"column":7},"end":{"line":163,"column":53}},"55":{"start":{"line":171,"column":4},"end":{"line":173,"column":5}},"56":{"start":{"line":172,"column":6},"end":{"line":172,"column":41}},"57":{"start":{"line":180,"column":4},"end":{"line":186,"column":5}},"58":{"start":{"line":181,"column":32},"end":{"line":181,"column":62}},"59":{"start":{"line":182,"column":21},"end":{"line":182,"column":101}},"60":{"start":{"line":182,"column":75},"end":{"line":182,"column":100}},"61":{"start":{"line":183,"column":6},"end":{"line":185,"column":7}},"62":{"start":{"line":184,"column":8},"end":{"line":184,"column":72}},"63":{"start":{"line":194,"column":4},"end":{"line":194,"column":26}},"64":{"start":{"line":198,"column":4},"end":{"line":198,"column":30}},"65":{"start":{"line":207,"column":18},"end":{"line":207,"column":78}},"66":{"start":{"line":208,"column":4},"end":{"line":208,"column":34}},"67":{"start":{"line":209,"column":4},"end":{"line":209,"column":80}},"68":{"start":{"line":24,"column":0},"end":{"line":24,"column":13}}},"fnMap":{"0":{"name":"(anonymous_9)","decl":{"start":{"line":33,"column":2},"end":{"line":33,"column":22}},"loc":{"start":{"line":33,"column":68},"end":{"line":45,"column":3}}},"1":{"name":"(anonymous_10)","decl":{"start":{"line":50,"column":2},"end":{"line":50,"column":8}},"loc":{"start":{"line":52,"column":23},"end":{"line":61,"column":3}}},"2":{"name":"(anonymous_11)","decl":{"start":{"line":66,"column":2},"end":{"line":66,"column":10}},"loc":{"start":{"line":66,"column":53},"end":{"line":73,"column":3}}},"3":{"name":"(anonymous_12)","decl":{"start":{"line":82,"column":2},"end":{"line":82,"column":7}},"loc":{"start":{"line":82,"column":33},"end":{"line":109,"column":3}}},"4":{"name":"(anonymous_13)","decl":{"start":{"line":114,"column":2},"end":{"line":114,"column":11}},"loc":{"start":{"line":114,"column":11},"end":{"line":116,"column":3}}},"5":{"name":"(anonymous_14)","decl":{"start":{"line":121,"column":2},"end":{"line":121,"column":10}},"loc":{"start":{"line":121,"column":27},"end":{"line":123,"column":3}}},"6":{"name":"(anonymous_15)","decl":{"start":{"line":128,"column":2},"end":{"line":128,"column":12}},"loc":{"start":{"line":128,"column":12},"end":{"line":130,"column":3}}},"7":{"name":"(anonymous_16)","decl":{"start":{"line":135,"column":2},"end":{"line":135,"column":7}},"loc":{"start":{"line":135,"column":15},"end":{"line":151,"column":3}}},"8":{"name":"(anonymous_17)","decl":{"start":{"line":156,"column":2},"end":{"line":156,"column":16}},"loc":{"start":{"line":156,"column":46},"end":{"line":165,"column":3}}},"9":{"name":"(anonymous_18)","decl":{"start":{"line":170,"column":2},"end":{"line":170,"column":8}},"loc":{"start":{"line":170,"column":26},"end":{"line":174,"column":3}}},"10":{"name":"(anonymous_19)","decl":{"start":{"line":179,"column":2},"end":{"line":179,"column":8}},"loc":{"start":{"line":179,"column":8},"end":{"line":187,"column":3}}},"11":{"name":"(anonymous_20)","decl":{"start":{"line":182,"column":52},"end":{"line":182,"column":53}},"loc":{"start":{"line":182,"column":75},"end":{"line":182,"column":100}}},"12":{"name":"(anonymous_21)","decl":{"start":{"line":193,"column":2},"end":{"line":193,"column":6}},"loc":{"start":{"line":193,"column":14},"end":{"line":195,"column":3}}},"13":{"name":"(anonymous_22)","decl":{"start":{"line":197,"column":2},"end":{"line":197,"column":6}},"loc":{"start":{"line":197,"column":18},"end":{"line":199,"column":3}}},"14":{"name":"(anonymous_23)","decl":{"start":{"line":205,"column":10},"end":{"line":205,"column":26}},"loc":{"start":{"line":205,"column":43},"end":{"line":210,"column":3}}}},"branchMap":{"0":{"loc":{"start":{"line":35,"column":4},"end":{"line":44,"column":5}},"type":"if","locations":[{"start":{"line":35,"column":4},"end":{"line":44,"column":5}},{"start":{"line":38,"column":11},"end":{"line":44,"column":5}}]},"1":{"loc":{"start":{"line":54,"column":4},"end":{"line":59,"column":5}},"type":"if","locations":[{"start":{"line":54,"column":4},"end":{"line":59,"column":5}},{"start":{},"end":{}}]},"2":{"loc":{"start":{"line":55,"column":6},"end":{"line":57,"column":7}},"type":"if","locations":[{"start":{"line":55,"column":6},"end":{"line":57,"column":7}},{"start":{},"end":{}}]},"3":{"loc":{"start":{"line":67,"column":4},"end":{"line":70,"column":5}},"type":"if","locations":[{"start":{"line":67,"column":4},"end":{"line":70,"column":5}},{"start":{},"end":{}}]},"4":{"loc":{"start":{"line":84,"column":4},"end":{"line":86,"column":5}},"type":"if","locations":[{"start":{"line":84,"column":4},"end":{"line":86,"column":5}},{"start":{},"end":{}}]},"5":{"loc":{"start":{"line":91,"column":4},"end":{"line":95,"column":5}},"type":"if","locations":[{"start":{"line":91,"column":4},"end":{"line":95,"column":5}},{"start":{},"end":{}}]},"6":{"loc":{"start":{"line":98,"column":4},"end":{"line":101,"column":5}},"type":"if","locations":[{"start":{"line":98,"column":4},"end":{"line":101,"column":5}},{"start":{},"end":{}}]},"7":{"loc":{"start":{"line":122,"column":11},"end":{"line":122,"column":44}},"type":"binary-expr","locations":[{"start":{"line":122,"column":11},"end":{"line":122,"column":36}},{"start":{"line":122,"column":40},"end":{"line":122,"column":44}}]},"8":{"loc":{"start":{"line":138,"column":4},"end":{"line":141,"column":5}},"type":"if","locations":[{"start":{"line":138,"column":4},"end":{"line":141,"column":5}},{"start":{},"end":{}}]},"9":{"loc":{"start":{"line":157,"column":4},"end":{"line":159,"column":5}},"type":"if","locations":[{"start":{"line":157,"column":4},"end":{"line":159,"column":5}},{"start":{},"end":{}}]},"10":{"loc":{"start":{"line":157,"column":8},"end":{"line":157,"column":59}},"type":"binary-expr","locations":[{"start":{"line":157,"column":8},"end":{"line":157,"column":24}},{"start":{"line":157,"column":28},"end":{"line":157,"column":59}}]},"11":{"loc":{"start":{"line":162,"column":4},"end":{"line":164,"column":5}},"type":"if","locations":[{"start":{"line":162,"column":4},"end":{"line":164,"column":5}},{"start":{},"end":{}}]},"12":{"loc":{"start":{"line":171,"column":4},"end":{"line":173,"column":5}},"type":"if","locations":[{"start":{"line":171,"column":4},"end":{"line":173,"column":5}},{"start":{},"end":{}}]},"13":{"loc":{"start":{"line":171,"column":8},"end":{"line":171,"column":51}},"type":"binary-expr","locations":[{"start":{"line":171,"column":8},"end":{"line":171,"column":24}},{"start":{"line":171,"column":28},"end":{"line":171,"column":51}}]},"14":{"loc":{"start":{"line":180,"column":4},"end":{"line":186,"column":5}},"type":"if","locations":[{"start":{"line":180,"column":4},"end":{"line":186,"column":5}},{"start":{},"end":{}}]},"15":{"loc":{"start":{"line":183,"column":6},"end":{"line":185,"column":7}},"type":"if","locations":[{"start":{"line":183,"column":6},"end":{"line":185,"column":7}},{"start":{},"end":{}}]},"16":{"loc":{"start":{"line":183,"column":10},"end":{"line":183,"column":34}},"type":"binary-expr","locations":[{"start":{"line":183,"column":10},"end":{"line":183,"column":16}},{"start":{"line":183,"column":20},"end":{"line":183,"column":34}}]}},"s":{"0":0,"1":0,"2":0,"3":0,"4":0,"5":0,"6":0,"7":0,"8":0,"9":0,"10":0,"11":0,"12":0,"13":0,"14":0,"15":0,"16":0,"17":0,"18":0,"19":0,"20":0,"21":0,"22":0,"23":0,"24":0,"25":0,"26":0,"27":0,"28":0,"29":0,"30":0,"31":0,"32":0,"33":0,"34":0,"35":0,"36":0,"37":0,"38":0,"39":0,"40":0,"41":0,"42":0,"43":0,"44":0,"45":0,"46":0,"47":0,"48":0,"49":0,"50":0,"51":0,"52":0,"53":0,"54":0,"55":0,"56":0,"57":0,"58":0,"59":0,"60":0,"61":0,"62":0,"63":0,"64":0,"65":0,"66":0,"67":0,"68":0},"f":{"0":0,"1":0,"2":0,"3":0,"4":0,"5":0,"6":0,"7":0,"8":0,"9":0,"10":0,"11":0,"12":0,"13":0,"14":0},"b":{"0":[0,0],"1":[0,0],"2":[0,0],"3":[0,0],"4":[0,0],"5":[0,0],"6":[0,0],"7":[0,0],"8":[0,0],"9":[0,0],"10":[0,0],"11":[0,0],"12":[0,0],"13":[0,0],"14":[0,0],"15":[0,0],"16":[0,0]}}
,"/Users/davidcaballero/smart-campus-live-integration/shared/engine/SharedResources.ts": {"path":"/Users/davidcaballero/smart-campus-live-integration/shared/engine/SharedResources.ts","statementMap":{"0":{"start":{"line":18,"column":2},"end":{"line":18,"column":null}},"1":{"start":{"line":19,"column":2},"end":{"line":19,"column":null}},"2":{"start":{"line":20,"column":2},"end":{"line":20,"column":null}},"3":{"start":{"line":27,"column":4},"end":{"line":27,"column":29}},"4":{"start":{"line":28,"column":4},"end":{"line":28,"column":37}},"5":{"start":{"line":29,"column":4},"end":{"line":29,"column":25}},"6":{"start":{"line":17,"column":0},"end":{"line":17,"column":13}}},"fnMap":{"0":{"name":"(anonymous_0)","decl":{"start":{"line":22,"column":2},"end":{"line":22,"column":null}},"loc":{"start":{"line":25,"column":29},"end":{"line":30,"column":3}}}},"branchMap":{},"s":{"0":0,"1":0,"2":0,"3":0,"4":0,"5":0,"6":0},"f":{"0":0},"b":{}}
,"/Users/davidcaballero/smart-campus-live-integration/shared/scenes/_shared/CampusAssetLoader.ts": {"path":"/Users/davidcaballero/smart-campus-live-integration/shared/scenes/_shared/CampusAssetLoader.ts","statementMap":{"0":{"start":{"line":295,"column":0},"end":{"line":295,"column":7}},"1":{"start":{"line":14,"column":0},"end":{"line":14,"column":31}},"2":{"start":{"line":15,"column":0},"end":{"line":15,"column":68}},"3":{"start":{"line":16,"column":0},"end":{"line":16,"column":89}},"4":{"start":{"line":58,"column":58},"end":{"line":67,"column":2}},"5":{"start":{"line":74,"column":10},"end":{"line":74,"column":null}},"6":{"start":{"line":75,"column":10},"end":{"line":75,"column":33}},"7":{"start":{"line":76,"column":10},"end":{"line":78,"column":null}},"8":{"start":{"line":84,"column":4},"end":{"line":84,"column":51}},"9":{"start":{"line":85,"column":4},"end":{"line":85,"column":45}},"10":{"start":{"line":92,"column":4},"end":{"line":92,"column":66}},"11":{"start":{"line":95,"column":22},"end":{"line":95,"column":40}},"12":{"start":{"line":98,"column":52},"end":{"line":98,"column":81}},"13":{"start":{"line":101,"column":24},"end":{"line":105,"column":6}},"14":{"start":{"line":107,"column":4},"end":{"line":107,"column":71}},"15":{"start":{"line":110,"column":4},"end":{"line":117,"column":6}},"16":{"start":{"line":116,"column":21},"end":{"line":116,"column":72}},"17":{"start":{"line":128,"column":21},"end":{"line":130,"column":null}},"18":{"start":{"line":132,"column":4},"end":{"line":132,"column":37}},"19":{"start":{"line":134,"column":21},"end":{"line":137,"column":6}},"20":{"start":{"line":139,"column":17},"end":{"line":139,"column":51}},"21":{"start":{"line":140,"column":4},"end":{"line":140,"column":33}},"22":{"start":{"line":141,"column":4},"end":{"line":141,"column":30}},"23":{"start":{"line":143,"column":4},"end":{"line":143,"column":53}},"24":{"start":{"line":144,"column":4},"end":{"line":144,"column":16}},"25":{"start":{"line":155,"column":4},"end":{"line":243,"column":7}},"26":{"start":{"line":156,"column":21},"end":{"line":156,"column":36}},"27":{"start":{"line":157,"column":24},"end":{"line":157,"column":41}},"28":{"start":{"line":158,"column":25},"end":{"line":158,"column":54}},"29":{"start":{"line":159,"column":79},"end":{"line":159,"column":81}},"30":{"start":{"line":161,"column":6},"end":{"line":242,"column":8}},"31":{"start":{"line":164,"column":10},"end":{"line":235,"column":11}},"32":{"start":{"line":165,"column":12},"end":{"line":218,"column":15}},"33":{"start":{"line":166,"column":28},"end":{"line":166,"column":67}},"34":{"start":{"line":167,"column":29},"end":{"line":167,"column":75}},"35":{"start":{"line":168,"column":29},"end":{"line":168,"column":48}},"36":{"start":{"line":170,"column":14},"end":{"line":217,"column":17}},"37":{"start":{"line":171,"column":33},"end":{"line":171,"column":63}},"38":{"start":{"line":172,"column":16},"end":{"line":172,"column":46}},"39":{"start":{"line":174,"column":29},"end":{"line":174,"column":49}},"40":{"start":{"line":175,"column":16},"end":{"line":175,"column":34}},"41":{"start":{"line":175,"column":27},"end":{"line":175,"column":34}},"42":{"start":{"line":177,"column":29},"end":{"line":177,"column":48}},"43":{"start":{"line":178,"column":16},"end":{"line":178,"column":35}},"44":{"start":{"line":180,"column":31},"end":{"line":180,"column":50}},"45":{"start":{"line":181,"column":16},"end":{"line":181,"column":39}},"46":{"start":{"line":184,"column":33},"end":{"line":184,"column":67}},"47":{"start":{"line":185,"column":33},"end":{"line":192,"column":18}},"48":{"start":{"line":194,"column":28},"end":{"line":194,"column":96}},"49":{"start":{"line":195,"column":29},"end":{"line":195,"column":58}},"50":{"start":{"line":197,"column":16},"end":{"line":197,"column":82}},"51":{"start":{"line":198,"column":16},"end":{"line":198,"column":47}},"52":{"start":{"line":199,"column":16},"end":{"line":199,"column":39}},"53":{"start":{"line":200,"column":16},"end":{"line":200,"column":42}},"54":{"start":{"line":201,"column":16},"end":{"line":205,"column":18}},"55":{"start":{"line":207,"column":16},"end":{"line":214,"column":17}},"56":{"start":{"line":208,"column":18},"end":{"line":208,"column":37}},"57":{"start":{"line":209,"column":18},"end":{"line":209,"column":47}},"58":{"start":{"line":210,"column":18},"end":{"line":213,"column":20}},"59":{"start":{"line":216,"column":16},"end":{"line":216,"column":36}},"60":{"start":{"line":221,"column":12},"end":{"line":221,"column":47}},"61":{"start":{"line":222,"column":12},"end":{"line":222,"column":43}},"62":{"start":{"line":225,"column":25},"end":{"line":225,"column":66}},"63":{"start":{"line":226,"column":32},"end":{"line":226,"column":51}},"64":{"start":{"line":227,"column":12},"end":{"line":227,"column":40}},"65":{"start":{"line":228,"column":12},"end":{"line":228,"column":48}},"66":{"start":{"line":230,"column":12},"end":{"line":230,"column":91}},"67":{"start":{"line":231,"column":12},"end":{"line":231,"column":61}},"68":{"start":{"line":233,"column":12},"end":{"line":233,"column":75}},"69":{"start":{"line":234,"column":12},"end":{"line":234,"column":22}},"70":{"start":{"line":239,"column":10},"end":{"line":239,"column":69}},"71":{"start":{"line":240,"column":10},"end":{"line":240,"column":22}},"72":{"start":{"line":250,"column":4},"end":{"line":250,"column":49}},"73":{"start":{"line":250,"column":17},"end":{"line":250,"column":49}},"74":{"start":{"line":252,"column":15},"end":{"line":252,"column":16}},"75":{"start":{"line":253,"column":4},"end":{"line":256,"column":5}},"76":{"start":{"line":253,"column":17},"end":{"line":253,"column":18}},"77":{"start":{"line":254,"column":6},"end":{"line":254,"column":55}},"78":{"start":{"line":255,"column":6},"end":{"line":255,"column":16}},"79":{"start":{"line":257,"column":18},"end":{"line":257,"column":63}},"80":{"start":{"line":258,"column":4},"end":{"line":258,"column":40}},"81":{"start":{"line":269,"column":4},"end":{"line":269,"column":65}},"82":{"start":{"line":272,"column":4},"end":{"line":272,"column":33}},"83":{"start":{"line":273,"column":5},"end":{"line":273,"column":53}},"84":{"start":{"line":276,"column":4},"end":{"line":285,"column":7}},"85":{"start":{"line":277,"column":6},"end":{"line":284,"column":7}},"86":{"start":{"line":278,"column":8},"end":{"line":278,"column":32}},"87":{"start":{"line":279,"column":8},"end":{"line":283,"column":9}},"88":{"start":{"line":280,"column":10},"end":{"line":280,"column":67}},"89":{"start":{"line":280,"column":54},"end":{"line":280,"column":65}},"90":{"start":{"line":282,"column":10},"end":{"line":282,"column":34}},"91":{"start":{"line":287,"column":4},"end":{"line":287,"column":23}},"92":{"start":{"line":288,"column":4},"end":{"line":288,"column":61}},"93":{"start":{"line":73,"column":0},"end":{"line":73,"column":13}},"94":{"start":{"line":299,"column":17},"end":{"line":299,"column":64}},"95":{"start":{"line":300,"column":2},"end":{"line":300,"column":23}}},"fnMap":{"0":{"name":"(anonymous_9)","decl":{"start":{"line":80,"column":2},"end":{"line":80,"column":null}},"loc":{"start":{"line":82,"column":40},"end":{"line":86,"column":3}}},"1":{"name":"(anonymous_10)","decl":{"start":{"line":91,"column":2},"end":{"line":91,"column":7}},"loc":{"start":{"line":91,"column":12},"end":{"line":118,"column":3}}},"2":{"name":"(anonymous_11)","decl":{"start":{"line":116,"column":15},"end":{"line":116,"column":18}},"loc":{"start":{"line":116,"column":21},"end":{"line":116,"column":72}}},"3":{"name":"(anonymous_12)","decl":{"start":{"line":127,"column":10},"end":{"line":127,"column":21}},"loc":{"start":{"line":127,"column":21},"end":{"line":145,"column":3}}},"4":{"name":"(anonymous_13)","decl":{"start":{"line":150,"column":10},"end":{"line":150,"column":15}},"loc":{"start":{"line":150,"column":32},"end":{"line":244,"column":3}}},"5":{"name":"(anonymous_14)","decl":{"start":{"line":155,"column":23},"end":{"line":155,"column":24}},"loc":{"start":{"line":155,"column":43},"end":{"line":243,"column":5}}},"6":{"name":"(anonymous_15)","decl":{"start":{"line":163,"column":8},"end":{"line":163,"column":9}},"loc":{"start":{"line":163,"column":20},"end":{"line":236,"column":9}}},"7":{"name":"(anonymous_16)","decl":{"start":{"line":165,"column":34},"end":{"line":165,"column":35}},"loc":{"start":{"line":165,"column":43},"end":{"line":218,"column":13}}},"8":{"name":"(anonymous_17)","decl":{"start":{"line":170,"column":29},"end":{"line":170,"column":30}},"loc":{"start":{"line":170,"column":39},"end":{"line":217,"column":15}}},"9":{"name":"(anonymous_18)","decl":{"start":{"line":238,"column":8},"end":{"line":238,"column":9}},"loc":{"start":{"line":238,"column":16},"end":{"line":241,"column":9}}},"10":{"name":"(anonymous_19)","decl":{"start":{"line":249,"column":10},"end":{"line":249,"column":22}},"loc":{"start":{"line":249,"column":44},"end":{"line":259,"column":3}}},"11":{"name":"(anonymous_20)","decl":{"start":{"line":264,"column":10},"end":{"line":264,"column":22}},"loc":{"start":{"line":267,"column":39},"end":{"line":289,"column":3}}},"12":{"name":"(anonymous_21)","decl":{"start":{"line":276,"column":23},"end":{"line":276,"column":24}},"loc":{"start":{"line":276,"column":31},"end":{"line":285,"column":5}}},"13":{"name":"(anonymous_22)","decl":{"start":{"line":280,"column":31},"end":{"line":280,"column":32}},"loc":{"start":{"line":280,"column":54},"end":{"line":280,"column":65}}},"14":{"name":"loadCampusAsset","decl":{"start":{"line":295,"column":22},"end":{"line":295,"column":37}},"loc":{"start":{"line":297,"column":34},"end":{"line":301,"column":1}}}},"branchMap":{"0":{"loc":{"start":{"line":82,"column":4},"end":{"line":82,"column":40}},"type":"default-arg","locations":[{"start":{"line":82,"column":38},"end":{"line":82,"column":40}}]},"1":{"loc":{"start":{"line":175,"column":16},"end":{"line":175,"column":34}},"type":"if","locations":[{"start":{"line":175,"column":16},"end":{"line":175,"column":34}},{"start":{},"end":{}}]},"2":{"loc":{"start":{"line":184,"column":51},"end":{"line":184,"column":66}},"type":"binary-expr","locations":[{"start":{"line":184,"column":51},"end":{"line":184,"column":57}},{"start":{"line":184,"column":61},"end":{"line":184,"column":66}}]},"3":{"loc":{"start":{"line":191,"column":27},"end":{"line":191,"column":50}},"type":"binary-expr","locations":[{"start":{"line":191,"column":27},"end":{"line":191,"column":33}},{"start":{"line":191,"column":37},"end":{"line":191,"column":42}},{"start":{"line":191,"column":46},"end":{"line":191,"column":50}}]},"4":{"loc":{"start":{"line":202,"column":27},"end":{"line":202,"column":50}},"type":"binary-expr","locations":[{"start":{"line":202,"column":27},"end":{"line":202,"column":33}},{"start":{"line":202,"column":37},"end":{"line":202,"column":42}},{"start":{"line":202,"column":46},"end":{"line":202,"column":50}}]},"5":{"loc":{"start":{"line":203,"column":26},"end":{"line":203,"column":39}},"type":"binary-expr","locations":[{"start":{"line":203,"column":26},"end":{"line":203,"column":31}},{"start":{"line":203,"column":35},"end":{"line":203,"column":39}}]},"6":{"loc":{"start":{"line":207,"column":16},"end":{"line":214,"column":17}},"type":"if","locations":[{"start":{"line":207,"column":16},"end":{"line":214,"column":17}},{"start":{},"end":{}}]},"7":{"loc":{"start":{"line":250,"column":4},"end":{"line":250,"column":49}},"type":"if","locations":[{"start":{"line":250,"column":4},"end":{"line":250,"column":49}},{"start":{},"end":{}}]},"8":{"loc":{"start":{"line":277,"column":6},"end":{"line":284,"column":7}},"type":"if","locations":[{"start":{"line":277,"column":6},"end":{"line":284,"column":7}},{"start":{},"end":{}}]},"9":{"loc":{"start":{"line":279,"column":8},"end":{"line":283,"column":9}},"type":"if","locations":[{"start":{"line":279,"column":8},"end":{"line":283,"column":9}},{"start":{"line":281,"column":15},"end":{"line":283,"column":9}}]}},"s":{"0":0,"1":0,"2":0,"3":0,"4":0,"5":0,"6":0,"7":0,"8":0,"9":0,"10":0,"11":0,"12":0,"13":0,"14":0,"15":0,"16":0,"17":0,"18":0,"19":0,"20":0,"21":0,"22":0,"23":0,"24":0,"25":0,"26":0,"27":0,"28":0,"29":0,"30":0,"31":0,"32":0,"33":0,"34":0,"35":0,"36":0,"37":0,"38":0,"39":0,"40":0,"41":0,"42":0,"43":0,"44":0,"45":0,"46":0,"47":0,"48":0,"49":0,"50":0,"51":0,"52":0,"53":0,"54":0,"55":0,"56":0,"57":0,"58":0,"59":0,"60":0,"61":0,"62":0,"63":0,"64":0,"65":0,"66":0,"67":0,"68":0,"69":0,"70":0,"71":0,"72":0,"73":0,"74":0,"75":0,"76":0,"77":0,"78":0,"79":0,"80":0,"81":0,"82":0,"83":0,"84":0,"85":0,"86":0,"87":0,"88":0,"89":0,"90":0,"91":0,"92":0,"93":0,"94":0,"95":0},"f":{"0":0,"1":0,"2":0,"3":0,"4":0,"5":0,"6":0,"7":0,"8":0,"9":0,"10":0,"11":0,"12":0,"13":0,"14":0},"b":{"0":[0],"1":[0,0],"2":[0,0],"3":[0,0,0],"4":[0,0,0],"5":[0,0],"6":[0,0],"7":[0,0],"8":[0,0],"9":[0,0]}}
,"/Users/davidcaballero/smart-campus-live-integration/shared/services/picking-service.ts": {"path":"/Users/davidcaballero/smart-campus-live-integration/shared/services/picking-service.ts","statementMap":{"0":{"start":{"line":16,"column":0},"end":{"line":16,"column":31}},"1":{"start":{"line":30,"column":10},"end":{"line":30,"column":null}},"2":{"start":{"line":31,"column":10},"end":{"line":31,"column":null}},"3":{"start":{"line":32,"column":10},"end":{"line":32,"column":null}},"4":{"start":{"line":33,"column":10},"end":{"line":33,"column":null}},"5":{"start":{"line":40,"column":4},"end":{"line":40,"column":25}},"6":{"start":{"line":41,"column":4},"end":{"line":41,"column":33}},"7":{"start":{"line":52,"column":40},"end":{"line":52,"column":46}},"8":{"start":{"line":55,"column":4},"end":{"line":55,"column":50}},"9":{"start":{"line":56,"column":4},"end":{"line":56,"column":52}},"10":{"start":{"line":59,"column":4},"end":{"line":59,"column":58}},"11":{"start":{"line":62,"column":23},"end":{"line":62,"column":77}},"12":{"start":{"line":65,"column":4},"end":{"line":67,"column":5}},"13":{"start":{"line":66,"column":6},"end":{"line":66,"column":42}},"14":{"start":{"line":70,"column":25},"end":{"line":70,"column":38}},"15":{"start":{"line":71,"column":16},"end":{"line":71,"column":35}},"16":{"start":{"line":74,"column":20},"end":{"line":74,"column":59}},"17":{"start":{"line":76,"column":4},"end":{"line":81,"column":6}},"18":{"start":{"line":89,"column":4},"end":{"line":89,"column":25}},"19":{"start":{"line":97,"column":4},"end":{"line":97,"column":29}},"20":{"start":{"line":29,"column":0},"end":{"line":29,"column":13}}},"fnMap":{"0":{"name":"(anonymous_9)","decl":{"start":{"line":39,"column":2},"end":{"line":39,"column":14}},"loc":{"start":{"line":39,"column":64},"end":{"line":42,"column":3}}},"1":{"name":"(anonymous_10)","decl":{"start":{"line":51,"column":2},"end":{"line":51,"column":6}},"loc":{"start":{"line":51,"column":39},"end":{"line":82,"column":3}}},"2":{"name":"(anonymous_11)","decl":{"start":{"line":88,"column":2},"end":{"line":88,"column":11}},"loc":{"start":{"line":88,"column":32},"end":{"line":90,"column":3}}},"3":{"name":"(anonymous_12)","decl":{"start":{"line":96,"column":2},"end":{"line":96,"column":15}},"loc":{"start":{"line":96,"column":40},"end":{"line":98,"column":3}}}},"branchMap":{"0":{"loc":{"start":{"line":65,"column":4},"end":{"line":67,"column":5}},"type":"if","locations":[{"start":{"line":65,"column":4},"end":{"line":67,"column":5}},{"start":{},"end":{}}]},"1":{"loc":{"start":{"line":74,"column":20},"end":{"line":74,"column":59}},"type":"binary-expr","locations":[{"start":{"line":74,"column":20},"end":{"line":74,"column":51}},{"start":{"line":74,"column":55},"end":{"line":74,"column":59}}]}},"s":{"0":4,"1":95,"2":95,"3":95,"4":95,"5":95,"6":95,"7":590,"8":590,"9":590,"10":590,"11":590,"12":590,"13":581,"14":9,"15":9,"16":9,"17":9,"18":3,"19":1,"20":4},"f":{"0":95,"1":590,"2":3,"3":1},"b":{"0":[581,9],"1":[9,0]}}
,"/Users/davidcaballero/smart-campus-live-integration/shared/ui/SceneConfigPanel.ts": {"path":"/Users/davidcaballero/smart-campus-live-integration/shared/ui/SceneConfigPanel.ts","statementMap":{"0":{"start":{"line":15,"column":10},"end":{"line":15,"column":null}},"1":{"start":{"line":16,"column":10},"end":{"line":16,"column":null}},"2":{"start":{"line":17,"column":10},"end":{"line":17,"column":null}},"3":{"start":{"line":20,"column":4},"end":{"line":20,"column":44}},"4":{"start":{"line":21,"column":4},"end":{"line":21,"column":46}},"5":{"start":{"line":24,"column":4},"end":{"line":26,"column":25}},"6":{"start":{"line":25,"column":6},"end":{"line":25,"column":47}},"7":{"start":{"line":33,"column":24},"end":{"line":33,"column":53}},"8":{"start":{"line":34,"column":4},"end":{"line":34,"column":29}},"9":{"start":{"line":34,"column":22},"end":{"line":34,"column":29}},"10":{"start":{"line":36,"column":4},"end":{"line":36,"column":70}},"11":{"start":{"line":39,"column":4},"end":{"line":43,"column":5}},"12":{"start":{"line":40,"column":6},"end":{"line":42,"column":7}},"13":{"start":{"line":41,"column":8},"end":{"line":41,"column":54}},"14":{"start":{"line":44,"column":4},"end":{"line":44,"column":35}},"15":{"start":{"line":47,"column":4},"end":{"line":51,"column":5}},"16":{"start":{"line":48,"column":6},"end":{"line":50,"column":7}},"17":{"start":{"line":49,"column":8},"end":{"line":49,"column":89}},"18":{"start":{"line":63,"column":4},"end":{"line":66,"column":5}},"19":{"start":{"line":64,"column":6},"end":{"line":64,"column":69}},"20":{"start":{"line":65,"column":6},"end":{"line":65,"column":13}},"21":{"start":{"line":68,"column":4},"end":{"line":79,"column":5}},"22":{"start":{"line":69,"column":6},"end":{"line":73,"column":9}},"23":{"start":{"line":75,"column":6},"end":{"line":75,"column":43}},"24":{"start":{"line":76,"column":6},"end":{"line":76,"column":82}},"25":{"start":{"line":78,"column":6},"end":{"line":78,"column":84}},"26":{"start":{"line":86,"column":4},"end":{"line":90,"column":5}},"27":{"start":{"line":87,"column":6},"end":{"line":89,"column":7}},"28":{"start":{"line":88,"column":8},"end":{"line":88,"column":54}},"29":{"start":{"line":91,"column":4},"end":{"line":91,"column":35}},"30":{"start":{"line":92,"column":4},"end":{"line":92,"column":63}},"31":{"start":{"line":99,"column":24},"end":{"line":99,"column":53}},"32":{"start":{"line":100,"column":4},"end":{"line":100,"column":32}},"33":{"start":{"line":100,"column":22},"end":{"line":100,"column":32}},"34":{"start":{"line":104,"column":4},"end":{"line":104,"column":14}},"35":{"start":{"line":14,"column":0},"end":{"line":14,"column":13}}},"fnMap":{"0":{"name":"(anonymous_0)","decl":{"start":{"line":19,"column":2},"end":{"line":19,"column":14}},"loc":{"start":{"line":19,"column":44},"end":{"line":27,"column":3}}},"1":{"name":"(anonymous_1)","decl":{"start":{"line":24,"column":50},"end":{"line":24,"column":51}},"loc":{"start":{"line":24,"column":69},"end":{"line":26,"column":5}}},"2":{"name":"(anonymous_2)","decl":{"start":{"line":32,"column":10},"end":{"line":32,"column":26}},"loc":{"start":{"line":32,"column":43},"end":{"line":52,"column":3}}},"3":{"name":"(anonymous_3)","decl":{"start":{"line":57,"column":10},"end":{"line":57,"column":24}},"loc":{"start":{"line":61,"column":39},"end":{"line":80,"column":3}}},"4":{"name":"(anonymous_4)","decl":{"start":{"line":85,"column":2},"end":{"line":85,"column":12}},"loc":{"start":{"line":85,"column":12},"end":{"line":93,"column":3}}},"5":{"name":"(anonymous_5)","decl":{"start":{"line":98,"column":2},"end":{"line":98,"column":18}},"loc":{"start":{"line":98,"column":18},"end":{"line":105,"column":3}}}},"branchMap":{"0":{"loc":{"start":{"line":34,"column":4},"end":{"line":34,"column":29}},"type":"if","locations":[{"start":{"line":34,"column":4},"end":{"line":34,"column":29}},{"start":{},"end":{}}]},"1":{"loc":{"start":{"line":40,"column":6},"end":{"line":42,"column":7}},"type":"if","locations":[{"start":{"line":40,"column":6},"end":{"line":42,"column":7}},{"start":{},"end":{}}]},"2":{"loc":{"start":{"line":47,"column":4},"end":{"line":51,"column":5}},"type":"if","locations":[{"start":{"line":47,"column":4},"end":{"line":51,"column":5}},{"start":{},"end":{}}]},"3":{"loc":{"start":{"line":63,"column":4},"end":{"line":66,"column":5}},"type":"if","locations":[{"start":{"line":63,"column":4},"end":{"line":66,"column":5}},{"start":{},"end":{}}]},"4":{"loc":{"start":{"line":87,"column":6},"end":{"line":89,"column":7}},"type":"if","locations":[{"start":{"line":87,"column":6},"end":{"line":89,"column":7}},{"start":{},"end":{}}]},"5":{"loc":{"start":{"line":100,"column":4},"end":{"line":100,"column":32}},"type":"if","locations":[{"start":{"line":100,"column":4},"end":{"line":100,"column":32}},{"start":{},"end":{}}]}},"s":{"0":0,"1":0,"2":0,"3":0,"4":0,"5":0,"6":0,"7":0,"8":0,"9":0,"10":0,"11":0,"12":0,"13":0,"14":0,"15":0,"16":0,"17":0,"18":0,"19":0,"20":0,"21":0,"22":0,"23":0,"24":0,"25":0,"26":0,"27":0,"28":0,"29":0,"30":0,"31":0,"32":0,"33":0,"34":0,"35":0},"f":{"0":0,"1":0,"2":0,"3":0,"4":0,"5":0},"b":{"0":[0,0],"1":[0,0],"2":[0,0],"3":[0,0],"4":[0,0],"5":[0,0]}}
,"/Users/davidcaballero/smart-campus-live-integration/shared/ui/SceneManager.ts": {"path":"/Users/davidcaballero/smart-campus-live-integration/shared/ui/SceneManager.ts","statementMap":{"0":{"start":{"line":11,"column":0},"end":{"line":11,"column":54}},"1":{"start":{"line":12,"column":0},"end":{"line":12,"column":55}},"2":{"start":{"line":13,"column":0},"end":{"line":13,"column":51}},"3":{"start":{"line":14,"column":0},"end":{"line":14,"column":63}},"4":{"start":{"line":18,"column":10},"end":{"line":18,"column":null}},"5":{"start":{"line":29,"column":4},"end":{"line":31,"column":5}},"6":{"start":{"line":30,"column":6},"end":{"line":30,"column":35}},"7":{"start":{"line":33,"column":21},"end":{"line":33,"column":39}},"8":{"start":{"line":34,"column":4},"end":{"line":34,"column":71}},"9":{"start":{"line":37,"column":4},"end":{"line":37,"column":30}},"10":{"start":{"line":40,"column":4},"end":{"line":40,"column":55}},"11":{"start":{"line":42,"column":4},"end":{"line":42,"column":37}},"12":{"start":{"line":43,"column":4},"end":{"line":43,"column":75}},"13":{"start":{"line":45,"column":4},"end":{"line":45,"column":20}},"14":{"start":{"line":52,"column":4},"end":{"line":54,"column":5}},"15":{"start":{"line":53,"column":6},"end":{"line":53,"column":80}},"16":{"start":{"line":55,"column":4},"end":{"line":55,"column":33}},"17":{"start":{"line":62,"column":4},"end":{"line":62,"column":35}},"18":{"start":{"line":62,"column":28},"end":{"line":62,"column":35}},"19":{"start":{"line":65,"column":28},"end":{"line":65,"column":49}},"20":{"start":{"line":66,"column":4},"end":{"line":66,"column":62}},"21":{"start":{"line":69,"column":26},"end":{"line":69,"column":45}},"22":{"start":{"line":70,"column":4},"end":{"line":70,"column":58}},"23":{"start":{"line":73,"column":32},"end":{"line":73,"column":57}},"24":{"start":{"line":74,"column":4},"end":{"line":74,"column":70}},"25":{"start":{"line":76,"column":4},"end":{"line":76,"column":92}},"26":{"start":{"line":83,"column":4},"end":{"line":85,"column":5}},"27":{"start":{"line":84,"column":6},"end":{"line":84,"column":54}},"28":{"start":{"line":86,"column":4},"end":{"line":86,"column":29}},"29":{"start":{"line":93,"column":4},"end":{"line":93,"column":42}},"30":{"start":{"line":100,"column":4},"end":{"line":102,"column":5}},"31":{"start":{"line":101,"column":6},"end":{"line":101,"column":54}},"32":{"start":{"line":103,"column":4},"end":{"line":103,"column":47}},"33":{"start":{"line":110,"column":4},"end":{"line":110,"column":49}},"34":{"start":{"line":117,"column":4},"end":{"line":119,"column":5}},"35":{"start":{"line":118,"column":6},"end":{"line":118,"column":40}},"36":{"start":{"line":16,"column":0},"end":{"line":16,"column":13}}},"fnMap":{"0":{"name":"(anonymous_0)","decl":{"start":{"line":20,"column":2},"end":{"line":20,"column":25}},"loc":{"start":{"line":20,"column":2},"end":{"line":20,"column":26}}},"1":{"name":"(anonymous_1)","decl":{"start":{"line":25,"column":2},"end":{"line":25,"column":8}},"loc":{"start":{"line":27,"column":18},"end":{"line":46,"column":3}}},"2":{"name":"(anonymous_2)","decl":{"start":{"line":51,"column":2},"end":{"line":51,"column":8}},"loc":{"start":{"line":51,"column":20},"end":{"line":56,"column":3}}},"3":{"name":"(anonymous_3)","decl":{"start":{"line":61,"column":10},"end":{"line":61,"column":24}},"loc":{"start":{"line":61,"column":24},"end":{"line":77,"column":3}}},"4":{"name":"(anonymous_4)","decl":{"start":{"line":82,"column":2},"end":{"line":82,"column":17}},"loc":{"start":{"line":82,"column":17},"end":{"line":87,"column":3}}},"5":{"name":"(anonymous_5)","decl":{"start":{"line":92,"column":2},"end":{"line":92,"column":16}},"loc":{"start":{"line":92,"column":16},"end":{"line":94,"column":3}}},"6":{"name":"(anonymous_6)","decl":{"start":{"line":99,"column":2},"end":{"line":99,"column":7}},"loc":{"start":{"line":99,"column":38},"end":{"line":104,"column":3}}},"7":{"name":"(anonymous_7)","decl":{"start":{"line":109,"column":2},"end":{"line":109,"column":12}},"loc":{"start":{"line":109,"column":12},"end":{"line":111,"column":3}}},"8":{"name":"(anonymous_8)","decl":{"start":{"line":116,"column":2},"end":{"line":116,"column":7}},"loc":{"start":{"line":116,"column":15},"end":{"line":120,"column":3}}}},"branchMap":{"0":{"loc":{"start":{"line":29,"column":4},"end":{"line":31,"column":5}},"type":"if","locations":[{"start":{"line":29,"column":4},"end":{"line":31,"column":5}},{"start":{},"end":{}}]},"1":{"loc":{"start":{"line":52,"column":4},"end":{"line":54,"column":5}},"type":"if","locations":[{"start":{"line":52,"column":4},"end":{"line":54,"column":5}},{"start":{},"end":{}}]},"2":{"loc":{"start":{"line":62,"column":4},"end":{"line":62,"column":35}},"type":"if","locations":[{"start":{"line":62,"column":4},"end":{"line":62,"column":35}},{"start":{},"end":{}}]},"3":{"loc":{"start":{"line":83,"column":4},"end":{"line":85,"column":5}},"type":"if","locations":[{"start":{"line":83,"column":4},"end":{"line":85,"column":5}},{"start":{},"end":{}}]},"4":{"loc":{"start":{"line":100,"column":4},"end":{"line":102,"column":5}},"type":"if","locations":[{"start":{"line":100,"column":4},"end":{"line":102,"column":5}},{"start":{},"end":{}}]},"5":{"loc":{"start":{"line":110,"column":11},"end":{"line":110,"column":48}},"type":"binary-expr","locations":[{"start":{"line":110,"column":11},"end":{"line":110,"column":42}},{"start":{"line":110,"column":46},"end":{"line":110,"column":48}}]},"6":{"loc":{"start":{"line":117,"column":4},"end":{"line":119,"column":5}},"type":"if","locations":[{"start":{"line":117,"column":4},"end":{"line":119,"column":5}},{"start":{},"end":{}}]}},"s":{"0":0,"1":0,"2":0,"3":0,"4":0,"5":0,"6":0,"7":0,"8":0,"9":0,"10":0,"11":0,"12":0,"13":0,"14":0,"15":0,"16":0,"17":0,"18":0,"19":0,"20":0,"21":0,"22":0,"23":0,"24":0,"25":0,"26":0,"27":0,"28":0,"29":0,"30":0,"31":0,"32":0,"33":0,"34":0,"35":0,"36":0},"f":{"0":0,"1":0,"2":0,"3":0,"4":0,"5":0,"6":0,"7":0,"8":0},"b":{"0":[0,0],"1":[0,0],"2":[0,0],"3":[0,0],"4":[0,0],"5":[0,0],"6":[0,0]}}
,"/Users/davidcaballero/smart-campus-live-integration/shared/ui/SceneSwitcherPanel.ts": {"path":"/Users/davidcaballero/smart-campus-live-integration/shared/ui/SceneSwitcherPanel.ts","statementMap":{"0":{"start":{"line":14,"column":10},"end":{"line":14,"column":null}},"1":{"start":{"line":15,"column":10},"end":{"line":15,"column":null}},"2":{"start":{"line":16,"column":10},"end":{"line":16,"column":null}},"3":{"start":{"line":19,"column":4},"end":{"line":19,"column":44}},"4":{"start":{"line":20,"column":4},"end":{"line":20,"column":46}},"5":{"start":{"line":27,"column":4},"end":{"line":30,"column":5}},"6":{"start":{"line":28,"column":6},"end":{"line":28,"column":71}},"7":{"start":{"line":29,"column":6},"end":{"line":29,"column":13}},"8":{"start":{"line":32,"column":22},"end":{"line":32,"column":52}},"9":{"start":{"line":33,"column":24},"end":{"line":33,"column":73}},"10":{"start":{"line":36,"column":4},"end":{"line":55,"column":7}},"11":{"start":{"line":47,"column":21},"end":{"line":47,"column":70}},"12":{"start":{"line":49,"column":12},"end":{"line":51,"column":15}},"13":{"start":{"line":50,"column":14},"end":{"line":50,"column":87}},"14":{"start":{"line":58,"column":4},"end":{"line":61,"column":25}},"15":{"start":{"line":59,"column":6},"end":{"line":59,"column":80}},"16":{"start":{"line":63,"column":4},"end":{"line":63,"column":51}},"17":{"start":{"line":70,"column":4},"end":{"line":73,"column":5}},"18":{"start":{"line":71,"column":6},"end":{"line":71,"column":57}},"19":{"start":{"line":72,"column":6},"end":{"line":72,"column":55}},"20":{"start":{"line":13,"column":0},"end":{"line":13,"column":13}}},"fnMap":{"0":{"name":"(anonymous_0)","decl":{"start":{"line":18,"column":2},"end":{"line":18,"column":14}},"loc":{"start":{"line":18,"column":41},"end":{"line":21,"column":3}}},"1":{"name":"(anonymous_1)","decl":{"start":{"line":26,"column":2},"end":{"line":26,"column":10}},"loc":{"start":{"line":26,"column":10},"end":{"line":64,"column":3}}},"2":{"name":"(anonymous_2)","decl":{"start":{"line":47,"column":15},"end":{"line":47,"column":18}},"loc":{"start":{"line":47,"column":21},"end":{"line":47,"column":70}}},"3":{"name":"(anonymous_3)","decl":{"start":{"line":48,"column":15},"end":{"line":48,"column":16}},"loc":{"start":{"line":48,"column":36},"end":{"line":52,"column":11}}},"4":{"name":"(anonymous_4)","decl":{"start":{"line":49,"column":55},"end":{"line":49,"column":56}},"loc":{"start":{"line":49,"column":61},"end":{"line":51,"column":13}}},"5":{"name":"(anonymous_5)","decl":{"start":{"line":58,"column":50},"end":{"line":58,"column":51}},"loc":{"start":{"line":58,"column":69},"end":{"line":61,"column":5}}},"6":{"name":"(anonymous_6)","decl":{"start":{"line":69,"column":2},"end":{"line":69,"column":12}},"loc":{"start":{"line":69,"column":12},"end":{"line":74,"column":3}}}},"branchMap":{"0":{"loc":{"start":{"line":27,"column":4},"end":{"line":30,"column":5}},"type":"if","locations":[{"start":{"line":27,"column":4},"end":{"line":30,"column":5}},{"start":{},"end":{}}]},"1":{"loc":{"start":{"line":33,"column":24},"end":{"line":33,"column":73}},"type":"binary-expr","locations":[{"start":{"line":33,"column":24},"end":{"line":33,"column":63}},{"start":{"line":33,"column":67},"end":{"line":33,"column":73}}]},"2":{"loc":{"start":{"line":47,"column":21},"end":{"line":47,"column":70}},"type":"binary-expr","locations":[{"start":{"line":47,"column":21},"end":{"line":47,"column":60}},{"start":{"line":47,"column":64},"end":{"line":47,"column":70}}]},"3":{"loc":{"start":{"line":70,"column":4},"end":{"line":73,"column":5}},"type":"if","locations":[{"start":{"line":70,"column":4},"end":{"line":73,"column":5}},{"start":{},"end":{}}]}},"s":{"0":0,"1":0,"2":0,"3":0,"4":0,"5":0,"6":0,"7":0,"8":0,"9":0,"10":0,"11":0,"12":0,"13":0,"14":0,"15":0,"16":0,"17":0,"18":0,"19":0,"20":0},"f":{"0":0,"1":0,"2":0,"3":0,"4":0,"5":0,"6":0},"b":{"0":[0,0],"1":[0,0],"2":[0,0],"3":[0,0]}}
}
